<?xml version="1.0" encoding="UTF-8"?>
<testsuite xmlns:xsi="http://www.w3.org/2001/XMLSchema-instance" xsi:noNamespaceSchemaLocation="https://maven.apache.org/surefire/maven-surefire-plugin/xsd/surefire-test-report-3.0.xsd" version="3.0" name="TokenTest" time="0.003" tests="1" errors="0" skipped="0" failures="0">
  <properties>
    <property name="sun.desktop" value="windows"/>
    <property name="awt.toolkit" value="sun.awt.windows.WToolkit"/>
    <property name="file.encoding.pkg" value="sun.io"/>
    <property name="java.specification.version" value="1.8"/>
    <property name="sun.cpu.isalist" value="amd64"/>
    <property name="sun.jnu.encoding" value="Cp1252"/>
    <property name="java.class.path" value="C:\Users\Tharun\Documents\CodingStuff\monkey_java\target\test-classes;C:\Users\Tharun\Documents\CodingStuff\monkey_java\target\classes;C:\Users\Tharun\.m2\repository\junit\junit\4.13.2\junit-4.13.2.jar;C:\Users\Tharun\.m2\repository\org\hamcrest\hamcrest-core\1.3\hamcrest-core-1.3.jar;C:\Users\Tharun\.m2\repository\org\junit\jupiter\junit-jupiter-api\5.12.0\junit-jupiter-api-5.12.0.jar;C:\Users\Tharun\.m2\repository\org\opentest4j\opentest4j\1.3.0\opentest4j-1.3.0.jar;C:\Users\Tharun\.m2\repository\org\junit\platform\junit-platform-commons\1.12.0\junit-platform-commons-1.12.0.jar;C:\Users\Tharun\.m2\repository\org\apiguardian\apiguardian-api\1.1.2\apiguardian-api-1.1.2.jar;"/>
    <property name="java.vm.vendor" value="OpenLogic-OpenJDK"/>
    <property name="sun.arch.data.model" value="64"/>
    <property name="user.variant" value=""/>
    <property name="java.vendor.url" value="http://java.oracle.com/"/>
    <property name="user.timezone" value="Asia/Calcutta"/>
    <property name="java.vm.specification.version" value="1.8"/>
    <property name="os.name" value="Windows 10"/>
    <property name="user.country" value="IN"/>
    <property name="sun.java.launcher" value="SUN_STANDARD"/>
    <property name="sun.boot.library.path" value="C:\Program Files\Java\jdk-8\jre\bin"/>
    <property name="sun.java.command" value="C:\Users\Tharun\AppData\Local\Temp\surefire8192367226598875042\surefirebooter-20250317183213122_3.jar C:\Users\Tharun\AppData\Local\Temp\surefire8192367226598875042 2025-03-17T18-32-12_640-jvmRun1 surefire-20250317183213122_1tmp surefire_0-20250317183213122_2tmp"/>
    <property name="surefire.test.class.path" value="C:\Users\Tharun\Documents\CodingStuff\monkey_java\target\test-classes;C:\Users\Tharun\Documents\CodingStuff\monkey_java\target\classes;C:\Users\Tharun\.m2\repository\junit\junit\4.13.2\junit-4.13.2.jar;C:\Users\Tharun\.m2\repository\org\hamcrest\hamcrest-core\1.3\hamcrest-core-1.3.jar;C:\Users\Tharun\.m2\repository\org\junit\jupiter\junit-jupiter-api\5.12.0\junit-jupiter-api-5.12.0.jar;C:\Users\Tharun\.m2\repository\org\opentest4j\opentest4j\1.3.0\opentest4j-1.3.0.jar;C:\Users\Tharun\.m2\repository\org\junit\platform\junit-platform-commons\1.12.0\junit-platform-commons-1.12.0.jar;C:\Users\Tharun\.m2\repository\org\apiguardian\apiguardian-api\1.1.2\apiguardian-api-1.1.2.jar;"/>
    <property name="sun.cpu.endian" value="little"/>
    <property name="user.home" value="C:\Users\Tharun"/>
    <property name="user.language" value="en"/>
    <property name="java.specification.vendor" value="Oracle Corporation"/>
    <property name="java.home" value="C:\Program Files\Java\jdk-8\jre"/>
    <property name="basedir" value="C:\Users\Tharun\Documents\CodingStuff\monkey_java"/>
    <property name="file.separator" value="\"/>
    <property name="line.separator" value="&#10;"/>
    <property name="java.vm.specification.vendor" value="Oracle Corporation"/>
    <property name="java.specification.name" value="Java Platform API Specification"/>
    <property name="java.awt.graphicsenv" value="sun.awt.Win32GraphicsEnvironment"/>
    <property name="surefire.real.class.path" value="C:\Users\Tharun\AppData\Local\Temp\surefire8192367226598875042\surefirebooter-20250317183213122_3.jar"/>
    <property name="sun.boot.class.path" value="C:\Program Files\Java\jdk-8\jre\lib\resources.jar;C:\Program Files\Java\jdk-8\jre\lib\rt.jar;C:\Program Files\Java\jdk-8\jre\lib\sunrsasign.jar;C:\Program Files\Java\jdk-8\jre\lib\jsse.jar;C:\Program Files\Java\jdk-8\jre\lib\jce.jar;C:\Program Files\Java\jdk-8\jre\lib\charsets.jar;C:\Program Files\Java\jdk-8\jre\lib\jfr.jar;C:\Program Files\Java\jdk-8\jre\classes"/>
    <property name="user.script" value=""/>
    <property name="sun.management.compiler" value="HotSpot 64-Bit Tiered Compilers"/>
    <property name="java.runtime.version" value="1.8.0_432-432-b06"/>
    <property name="user.name" value="Tharun"/>
    <property name="path.separator" value=";"/>
    <property name="os.version" value="10.0"/>
    <property name="java.endorsed.dirs" value="C:\Program Files\Java\jdk-8\jre\lib\endorsed"/>
    <property name="java.runtime.name" value="OpenJDK Runtime Environment"/>
    <property name="file.encoding" value="Cp1252"/>
    <property name="java.vm.name" value="OpenJDK 64-Bit Server VM"/>
    <property name="localRepository" value="C:\Users\Tharun\.m2\repository"/>
    <property name="java.vendor.url.bug" value="http://bugreport.sun.com/bugreport/"/>
    <property name="java.io.tmpdir" value="C:\Users\Tharun\AppData\Local\Temp\"/>
    <property name="java.version" value="1.8.0_432-432"/>
    <property name="user.dir" value="C:\Users\Tharun\Documents\CodingStuff\monkey_java"/>
    <property name="os.arch" value="amd64"/>
    <property name="java.vm.specification.name" value="Java Virtual Machine Specification"/>
    <property name="java.awt.printerjob" value="sun.awt.windows.WPrinterJob"/>
    <property name="sun.os.patch.level" value=""/>
    <property name="java.library.path" value="C:\Program Files\Java\jdk-8\jre\bin;C:\Windows\Sun\Java\bin;C:\Windows\system32;C:\Windows;C:\Users\Tharun\bin;C:\Program Files\Git\mingw64\bin;C:\Program Files\Git\usr\local\bin;C:\Program Files\Git\usr\bin;C:\Program Files\Git\usr\bin;C:\Program Files\Git\mingw64\bin;C:\Program Files\Git\usr\bin;C:\Users\Tharun\bin;C:\Program Files\Common Files\Oracle\Java\javapath;C:\Program Files (x86)\Common Files\Oracle\Java\java8path;C:\Program Files (x86)\Common Files\Oracle\Java\javapath;C:\Program Files\Java\jdk-8\bin;C:\Program Files\Java\jdk-8\bin;C:\Program Files\Java\jdk-22\bin;C:\Windows\system32;C:\Windows;C:\Windows\System32\Wbem;C:\Windows\System32\WindowsPowerShell\v1.0;C:\Windows\System32\OpenSSH;C:\Program Files (x86)\NVIDIA Corporation\PhysX\Common;C:\mingw64\bin;C:\Users\Tharun\AppData\Roaming\nvm;C:\Program Files\nodejs;C:\Program Files\dotnet;C:\Program Files\NVIDIA Corporation\NVIDIA app\NvDLISR;C:\Program Files\Git\cmd;C:\Program Files\PuTTY;C:\Users\Tharun\scoop\apps\latex\current\texmfs\install\miktex\bin\x64;C:\Users\Tharun\.cargo\bin;C:\Users\Tharun\scoop\shims;C:\Users\Tharun\AppData\Local\Programs\Python\Python312\Scripts;C:\Users\Tharun\AppData\Local\Programs\Python\Python312;C:\Users\Tharun\AppData\Local\Programs\Python\Launcher;C:\Users\Tharun\AppData\Local\Microsoft\WindowsApps;E:\Microsoft VS Code\bin;C:\Program Files\Git\usr\bin;C:\Program Files\Git\cmd;C:\Users\Tharun\AppData\Roaming\nvm;C:\Program Files\nodejs;C:\Users\Tharun\AppData\Local\Programs\oh-my-posh\bin;C:\Users\Tharun\AppData\Local\Programs\Microsoft VS Code\bin;G:\apache-maven-3.9.9\bin;C:\Users\Tharun\AppData\Roaming\Code\User\globalStorage\github.copilot-chat\debugCommand;C:\Program Files\Git\usr\bin\vendor_perl;C:\Program Files\Git\usr\bin\core_perl;."/>
    <property name="java.vm.info" value="mixed mode"/>
    <property name="java.vendor" value="OpenLogic-OpenJDK"/>
    <property name="java.vm.version" value="25.432-b06"/>
    <property name="java.specification.maintenance.version" value="6"/>
    <property name="java.ext.dirs" value="C:\Program Files\Java\jdk-8\jre\lib\ext;C:\Windows\Sun\Java\lib\ext"/>
    <property name="sun.io.unicode.encoding" value="UnicodeLittle"/>
    <property name="java.class.version" value="52.0"/>
  </properties>
  <testcase name="NewToken" classname="TokenTest" time="0.001"/>
</testsuite>